\BOOKMARK [1][-]{section*.2}{Task 1 Database Design}{}% 1
\BOOKMARK [2][-]{section*.3}{Activity 1: First Normal Form}{section*.2}% 2
\BOOKMARK [3][-]{section*.4}{Step 1: Identify Redundancy}{section*.3}% 3
\BOOKMARK [3][-]{section*.5}{Step 2: Create New Entity}{section*.3}% 4
\BOOKMARK [3][-]{section*.6}{Step 3: Relationships and Keys}{section*.3}% 5
\BOOKMARK [3][-]{section*.7}{1NF : Diagram}{section*.3}% 6
\BOOKMARK [3][-]{section*.8}{1NF : Data}{section*.3}% 7
\BOOKMARK [2][-]{section*.9}{Activity 2: Second Normal Form}{section*.2}% 8
\BOOKMARK [3][-]{section*.10}{Step 1: Testing each attribute.}{section*.9}% 9
\BOOKMARK [3][-]{section*.11}{Step 2: Entity, Relationship and Key }{section*.9}% 10
\BOOKMARK [3][-]{section*.12}{Entities in Second Normal Form: Diagram}{section*.9}% 11
\BOOKMARK [3][-]{section*.13}{Entities in Second Normal Form: With data}{section*.9}% 12
\BOOKMARK [2][-]{section*.14}{Activity 3: Third Normal Form}{section*.2}% 13
\BOOKMARK [3][-]{section*.15}{Step 1: Testing for Transitive Dependency}{section*.14}% 14
\BOOKMARK [3][-]{section*.16}{Step 2: Entity, Relationship and Key}{section*.14}% 15
\BOOKMARK [3][-]{section*.17}{Entities in Third Normal Form: Diagram}{section*.14}% 16
\BOOKMARK [3][-]{section*.18}{Entities in Third Normal Form: With Data}{section*.14}% 17
\BOOKMARK [2][-]{section*.19}{Activity 4: ER Diagram}{section*.2}% 18
\BOOKMARK [1][-]{section*.20}{Task 2: Database Development}{}% 19
\BOOKMARK [2][-]{section*.21}{Question 1 }{section*.20}% 20
\BOOKMARK [3][-]{section*.22}{Aircraft}{section*.21}% 21
\BOOKMARK [3][-]{section*.23}{Airline}{section*.21}% 22
\BOOKMARK [3][-]{section*.24}{Purchase\137Order}{section*.21}% 23
\BOOKMARK [3][-]{section*.25}{Ordered\137Aircraft}{section*.21}% 24
\BOOKMARK [2][-]{section*.26}{Question 2}{section*.20}% 25
\BOOKMARK [3][-]{section*.27}{Aircraft}{section*.26}% 26
\BOOKMARK [3][-]{section*.28}{Airline}{section*.26}% 27
\BOOKMARK [3][-]{section*.29}{Purchase\137Order}{section*.26}% 28
\BOOKMARK [3][-]{section*.30}{Ordered\137Aircraft}{section*.26}% 29
\BOOKMARK [2][-]{section*.31}{Question 3}{section*.20}% 30
\BOOKMARK [2][-]{section*.32}{Question 4}{section*.20}% 31
\BOOKMARK [2][-]{section*.33}{Question 5}{section*.20}% 32
\BOOKMARK [2][-]{section*.34}{Question 6}{section*.20}% 33
\BOOKMARK [2][-]{section*.35}{Question 7}{section*.20}% 34
\BOOKMARK [2][-]{section*.36}{Question 8}{section*.20}% 35
\BOOKMARK [2][-]{section*.37}{Question 9}{section*.20}% 36
\BOOKMARK [1][-]{section*.38}{Task 3 : Poster of Ethics}{}% 37
\BOOKMARK [1][-]{section*.39}{Task 4 : Amazon recommendation system}{}% 38
\BOOKMARK [2][-]{section*.40}{What is a Recommendation System?}{section*.39}% 39
\BOOKMARK [2][-]{section*.41}{Data Gathering and Preparation}{section*.39}% 40
\BOOKMARK [3][-]{section*.42}{Data}{section*.41}% 41
\BOOKMARK [2][-]{section*.43}{Benefits and limitations of a Recommendation system}{section*.39}% 42
\BOOKMARK [2][-]{section*.44}{Limitations}{section*.39}% 43
\BOOKMARK [2][-]{section*.45}{Benefits}{section*.39}% 44
\BOOKMARK [2][-]{section*.46}{Analysis}{section*.39}% 45
\BOOKMARK [2][-]{section*.47}{Collaborative filtering}{section*.39}% 46
\BOOKMARK [2][-]{section*.48}{The Demographic approach}{section*.39}% 47
\BOOKMARK [1][-]{section*.49}{Bibliography}{}% 48
\BOOKMARK [2][-]{section*.50}{References for Task 3: A Poster of Ethics}{section*.49}% 49
\BOOKMARK [2][-]{section*.51}{References for Task 4: A Recommendation system}{section*.49}% 50
