This is pdfTeX, Version 3.1415926-2.5-1.40.14 (TeX Live 2013/Debian) (format=pdflatex 2014.11.23)  23 NOV 2014 21:43
entering extended mode
 restricted \write18 enabled.
 %&-line parsing enabled.
**assignment_2.tex
(./assignment_2.tex
LaTeX2e <2011/06/27>
Babel <3.9h> and hyphenation patterns for 4 languages loaded.
(/usr/share/texlive/texmf-dist/tex/latex/base/article.cls
Document Class: article 2007/10/19 v1.4h Standard LaTeX document class
(/usr/share/texlive/texmf-dist/tex/latex/base/size10.clo
File: size10.clo 2007/10/19 v1.4h Standard LaTeX file (size option)
)
\c@part=\count79
\c@section=\count80
\c@subsection=\count81
\c@subsubsection=\count82
\c@paragraph=\count83
\c@subparagraph=\count84
\c@figure=\count85
\c@table=\count86
\abovecaptionskip=\skip41
\belowcaptionskip=\skip42
\bibindent=\dimen102
)
(/usr/share/texlive/texmf-dist/tex/latex/fancyhdr/fancyhdr.sty
\fancy@headwidth=\skip43
\f@ncyO@elh=\skip44
\f@ncyO@erh=\skip45
\f@ncyO@olh=\skip46
\f@ncyO@orh=\skip47
\f@ncyO@elf=\skip48
\f@ncyO@erf=\skip49
\f@ncyO@olf=\skip50
\f@ncyO@orf=\skip51
)
(/usr/share/texlive/texmf-dist/tex/latex/lastpage/lastpage.sty
Package: lastpage 2013/01/28 v1.2l Refers to last page's name (HMM; JPG)
)
(/usr/share/texlive/texmf-dist/tex/latex/fancyhdr/extramarks.sty
\@temptokenb=\toks14
)
(/usr/share/texlive/texmf-dist/tex/latex/graphics/color.sty
Package: color 2005/11/14 v1.0j Standard LaTeX Color (DPC)

(/usr/share/texlive/texmf-dist/tex/latex/latexconfig/color.cfg
File: color.cfg 2007/01/18 v1.5 color configuration of teTeX/TeXLive
)
Package color Info: Driver file: pdftex.def on input line 130.

(/usr/share/texlive/texmf-dist/tex/latex/pdftex-def/pdftex.def
File: pdftex.def 2011/05/27 v0.06d Graphics/color for pdfTeX

(/usr/share/texlive/texmf-dist/tex/generic/oberdiek/infwarerr.sty
Package: infwarerr 2010/04/08 v1.3 Providing info/warning/error messages (HO)
)
(/usr/share/texlive/texmf-dist/tex/generic/oberdiek/ltxcmds.sty
Package: ltxcmds 2011/11/09 v1.22 LaTeX kernel commands for general use (HO)
)
\Gread@gobject=\count87
)
(/usr/share/texlive/texmf-dist/tex/latex/graphics/dvipsnam.def
File: dvipsnam.def 1999/02/16 v3.0i Driver-dependant file (DPC,SPQR)
))
(/usr/share/texlive/texmf-dist/tex/latex/graphics/graphicx.sty
Package: graphicx 1999/02/16 v1.0f Enhanced LaTeX Graphics (DPC,SPQR)

(/usr/share/texlive/texmf-dist/tex/latex/graphics/keyval.sty
Package: keyval 1999/03/16 v1.13 key=value parser (DPC)
\KV@toks@=\toks15
)
(/usr/share/texlive/texmf-dist/tex/latex/graphics/graphics.sty
Package: graphics 2009/02/05 v1.0o Standard LaTeX Graphics (DPC,SPQR)

(/usr/share/texlive/texmf-dist/tex/latex/graphics/trig.sty
Package: trig 1999/03/16 v1.09 sin cos tan (DPC)
)
(/usr/share/texlive/texmf-dist/tex/latex/latexconfig/graphics.cfg
File: graphics.cfg 2010/04/23 v1.9 graphics configuration of TeX Live
)
Package graphics Info: Driver file: pdftex.def on input line 91.
)
\Gin@req@height=\dimen103
\Gin@req@width=\dimen104
)
(/usr/share/texlive/texmf-dist/tex/latex/listings/listings.sty
\lst@mode=\count88
\lst@gtempboxa=\box26
\lst@token=\toks16
\lst@length=\count89
\lst@currlwidth=\dimen105
\lst@column=\count90
\lst@pos=\count91
\lst@lostspace=\dimen106
\lst@width=\dimen107
\lst@newlines=\count92
\lst@lineno=\count93
\lst@maxwidth=\dimen108

(/usr/share/texlive/texmf-dist/tex/latex/listings/lstmisc.sty
File: lstmisc.sty 2013/08/26 1.5b (Carsten Heinz)
\c@lstnumber=\count94
\lst@skipnumbers=\count95
\lst@framebox=\box27
)
(/usr/share/texlive/texmf-dist/tex/latex/listings/listings.cfg
File: listings.cfg 2013/08/26 1.5b listings configuration
))
Package: listings 2013/08/26 1.5b (Carsten Heinz)

(/usr/share/texlive/texmf-dist/tex/latex/psnfss/courier.sty
Package: courier 2005/04/12 PSNFSS-v9.2a (WaS) 
)
(/usr/share/texlive/texmf-dist/tex/latex/listings/lstlang1.sty
File: lstlang1.sty 2013/08/26 1.5b listings language file
)
(/usr/share/texlive/texmf-dist/tex/latex/listings/lstmisc.sty
File: lstmisc.sty 2013/08/26 1.5b (Carsten Heinz)
)
\c@homeworkProblemCounter=\count96

(./assignment_2.aux)
\openout1 = `assignment_2.aux'.

LaTeX Font Info:    Checking defaults for OML/cmm/m/it on input line 155.
LaTeX Font Info:    ... okay on input line 155.
LaTeX Font Info:    Checking defaults for T1/cmr/m/n on input line 155.
LaTeX Font Info:    ... okay on input line 155.
LaTeX Font Info:    Checking defaults for OT1/cmr/m/n on input line 155.
LaTeX Font Info:    ... okay on input line 155.
LaTeX Font Info:    Checking defaults for OMS/cmsy/m/n on input line 155.
LaTeX Font Info:    ... okay on input line 155.
LaTeX Font Info:    Checking defaults for OMX/cmex/m/n on input line 155.
LaTeX Font Info:    ... okay on input line 155.
LaTeX Font Info:    Checking defaults for U/cmr/m/n on input line 155.
LaTeX Font Info:    ... okay on input line 155.
Package lastpage Info: Please have a look at the pageslts package at
(lastpage)             http://www.ctan.org/tex-archive/ 
(lastpage)             macros/latex/contrib/pageslts/ 
(lastpage)             or
(lastpage)             http://www.ctan.org/tex-archive/ 
(lastpage)             install/macros/latex/contrib/pageslts.tds.zip
(lastpage)             ! on input line 155.

(/usr/share/texlive/texmf-dist/tex/context/base/supp-pdf.mkii
[Loading MPS to PDF converter (version 2006.09.02).]
\scratchcounter=\count97
\scratchdimen=\dimen109
\scratchbox=\box28
\nofMPsegments=\count98
\nofMParguments=\count99
\everyMPshowfont=\toks17
\MPscratchCnt=\count100
\MPscratchDim=\dimen110
\MPnumerator=\count101
\makeMPintoPDFobject=\count102
\everyMPtoPDFconversion=\toks18
) (/usr/share/texlive/texmf-dist/tex/generic/oberdiek/pdftexcmds.sty
Package: pdftexcmds 2011/11/29 v0.20 Utility functions of pdfTeX for LuaTeX (HO
)

(/usr/share/texlive/texmf-dist/tex/generic/oberdiek/ifluatex.sty
Package: ifluatex 2010/03/01 v1.3 Provides the ifluatex switch (HO)
Package ifluatex Info: LuaTeX not detected.
)
(/usr/share/texlive/texmf-dist/tex/generic/oberdiek/ifpdf.sty
Package: ifpdf 2011/01/30 v2.3 Provides the ifpdf switch (HO)
Package ifpdf Info: pdfTeX in PDF mode is detected.
)
Package pdftexcmds Info: LuaTeX not detected.
Package pdftexcmds Info: \pdf@primitive is available.
Package pdftexcmds Info: \pdf@ifprimitive is available.
Package pdftexcmds Info: \pdfdraftmode found.
)
(/usr/share/texlive/texmf-dist/tex/latex/oberdiek/epstopdf-base.sty
Package: epstopdf-base 2010/02/09 v2.5 Base part for package epstopdf

(/usr/share/texlive/texmf-dist/tex/latex/oberdiek/grfext.sty
Package: grfext 2010/08/19 v1.1 Manage graphics extensions (HO)

(/usr/share/texlive/texmf-dist/tex/generic/oberdiek/kvdefinekeys.sty
Package: kvdefinekeys 2011/04/07 v1.3 Define keys (HO)
))
(/usr/share/texlive/texmf-dist/tex/latex/oberdiek/kvoptions.sty
Package: kvoptions 2011/06/30 v3.11 Key value format for package options (HO)

(/usr/share/texlive/texmf-dist/tex/generic/oberdiek/kvsetkeys.sty
Package: kvsetkeys 2012/04/25 v1.16 Key value parser (HO)

(/usr/share/texlive/texmf-dist/tex/generic/oberdiek/etexcmds.sty
Package: etexcmds 2011/02/16 v1.5 Avoid name clashes with e-TeX commands (HO)
Package etexcmds Info: Could not find \expanded.
(etexcmds)             That can mean that you are not using pdfTeX 1.50 or
(etexcmds)             that some package has redefined \expanded.
(etexcmds)             In the latter case, load this package earlier.
)))
Package grfext Info: Graphics extension search list:
(grfext)             [.png,.pdf,.jpg,.mps,.jpeg,.jbig2,.jb2,.PNG,.PDF,.JPG,.JPE
G,.JBIG2,.JB2,.eps]
(grfext)             \AppendGraphicsExtensions on input line 452.

(/usr/share/texlive/texmf-dist/tex/latex/latexconfig/epstopdf-sys.cfg
File: epstopdf-sys.cfg 2010/07/13 v1.3 Configuration of (r)epstopdf for TeX Liv
e
))
\c@lstlisting=\count103
LaTeX Font Info:    External font `cmex10' loaded for size
(Font)              <12> on input line 157.
LaTeX Font Info:    External font `cmex10' loaded for size
(Font)              <8> on input line 157.
LaTeX Font Info:    External font `cmex10' loaded for size
(Font)              <6> on input line 157.

[1

{/var/lib/texmf/fonts/map/pdftex/updmap/pdftex.map}] (./assignment_2.toc
LaTeX Font Info:    External font `cmex10' loaded for size
(Font)              <7> on input line 2.
LaTeX Font Info:    External font `cmex10' loaded for size
(Font)              <5> on input line 2.
)
\tf@toc=\write3
\openout3 = `assignment_2.toc'.


[2]
Underfull \hbox (badness 10000) in paragraph at lines 180--181

 []

[3] [4

] [5

] <Assignment_4/1Cat.png, id=23, 379.4175pt x 418.56375pt>
File: Assignment_4/1Cat.png Graphic file (type png)

<use Assignment_4/1Cat.png>
Package pdftex.def Info: Assignment_4/1Cat.png used on input line 218.
(pdftex.def)             Requested size: 345.2684pt x 380.89998pt.

Underfull \hbox (badness 10000) in paragraph at lines 218--219

 []

<Assignment_4/2Table.png, id=25, 351.56343pt x 374.14781pt>
File: Assignment_4/2Table.png Graphic file (type png)

<use Assignment_4/2Table.png>
Package pdftex.def Info: Assignment_4/2Table.png used on input line 225.
(pdftex.def)             Requested size: 345.2684pt x 367.44447pt.

Underfull \hbox (badness 10000) in paragraph at lines 225--226

 []

[6

 <./Assignment_4/1Cat.png>]
<Assignment_4/3CPU.png, id=30, 334.24875pt x 161.10187pt>
File: Assignment_4/3CPU.png Graphic file (type png)

<use Assignment_4/3CPU.png>
Package pdftex.def Info: Assignment_4/3CPU.png used on input line 232.
(pdftex.def)             Requested size: 345.2684pt x 166.42595pt.

Underfull \hbox (badness 10000) in paragraph at lines 232--233

 []

<Assignment_4/4Paramaters.png, id=31, 457.71pt x 103.88812pt>
File: Assignment_4/4Paramaters.png Graphic file (type png)

<use Assignment_4/4Paramaters.png>
Package pdftex.def Info: Assignment_4/4Paramaters.png used on input line 239.
(pdftex.def)             Requested size: 345.2684pt x 78.36926pt.

Underfull \hbox (badness 10000) in paragraph at lines 239--240

 []

[7 <./Assignment_4/2Table.png> <./Assignment_4/3CPU.png>]
<Assignment_4/5Disk.png, id=38, 444.15938pt x 184.43906pt>
File: Assignment_4/5Disk.png Graphic file (type png)

<use Assignment_4/5Disk.png>
Package pdftex.def Info: Assignment_4/5Disk.png used on input line 246.
(pdftex.def)             Requested size: 345.2684pt x 143.37218pt.

Underfull \hbox (badness 10000) in paragraph at lines 246--247

 []

[8 <./Assignment_4/4Paramaters.png> <./Assignment_4/5Disk.png>]
LaTeX Font Info:    Try loading font information for OT1+pcr on input line 251.


(/usr/share/texlive/texmf-dist/tex/latex/psnfss/ot1pcr.fd
File: ot1pcr.fd 2001/06/04 font definitions for OT1/pcr.
)
(./Assignment_4/BashScript.txt) [9

] (./Assignment_5/item1.txt
LaTeX Font Info:    Try loading font information for T1+pcr on input line 3.

(/usr/share/texlive/texmf-dist/tex/latex/psnfss/t1pcr.fd
File: t1pcr.fd 2001/06/04 font definitions for T1/pcr.
))
<Assignment_5/2Compiled.png, id=50, 545.78906pt x 99.37125pt>
File: Assignment_5/2Compiled.png Graphic file (type png)

<use Assignment_5/2Compiled.png>
Package pdftex.def Info: Assignment_5/2Compiled.png used on input line 271.
(pdftex.def)             Requested size: 345.2684pt x 62.86198pt.

Underfull \hbox (badness 10000) in paragraph at lines 271--272

 []

[10

] [11 <./Assignment_5/2Compiled.png (PNG copy)>] (./Assignment_5/item3.txt
[12

]) <Assignment_5/3Evidence.png, id=61, 561.59813pt x 94.10156pt>
File: Assignment_5/3Evidence.png Graphic file (type png)

<use Assignment_5/3Evidence.png>
Package pdftex.def Info: Assignment_5/3Evidence.png used on input line 279.
(pdftex.def)             Requested size: 345.2684pt x 57.85272pt.

Underfull \hbox (badness 10000) in paragraph at lines 279--280

 []

LaTeX Font Info:    Try loading font information for OMS+cmr on input line 289.

(/usr/share/texlive/texmf-dist/tex/latex/base/omscmr.fd
File: omscmr.fd 1999/05/25 v2.5h Standard LaTeX font definitions
)
LaTeX Font Info:    Font shape `OMS/cmr/m/n' in size <10> not available
(Font)              Font shape `OMS/cmsy/m/n' tried instead on input line 289.

Underfull \hbox (badness 10000) in paragraph at lines 289--290

 []

[13 <./Assignment_5/3Evidence.png (PNG copy)>] (./Assignment_5/item5.txt
Overfull \hbox (14.24971pt too wide) in paragraph at lines 41--42
[][][][][][][][][][][][][][][][][][][][][][][][][][][][][][][][][][][][][][][][
][][][][][][][][][][][][][][][][][][][][][][][][][][][][][][][][][][][][][][][]
[][][][][][][][][] 
 []

[14

]) <Assignment_5/5Comp1.png, id=70, 545.03625pt x 65.49469pt>
File: Assignment_5/5Comp1.png Graphic file (type png)

<use Assignment_5/5Comp1.png>
Package pdftex.def Info: Assignment_5/5Comp1.png used on input line 299.
(pdftex.def)             Requested size: 345.2684pt x 41.48871pt.

Underfull \hbox (badness 10000) in paragraph at lines 299--300

 []

<Assignment_5/5Comp2.png, id=71, 614.295pt x 67.75313pt>
File: Assignment_5/5Comp2.png Graphic file (type png)

<use Assignment_5/5Comp2.png>
Package pdftex.def Info: Assignment_5/5Comp2.png used on input line 305.
(pdftex.def)             Requested size: 345.2684pt x 38.08104pt.

Underfull \hbox (badness 10000) in paragraph at lines 305--306

 []

[15 <./Assignment_5/5Comp1.png (PNG copy)> <./Assignment_5/5Comp2.png (PNG copy
)>]
LaTeX Font Info:    Font shape `OMS/cmr/m/it' in size <10> not available
(Font)              Font shape `OMS/cmsy/m/n' tried instead on input line 318.
 (./Assignment_6/cache_example.txt) [16

] (./Assignment_6/cache_readerh.txt)
[17

] (./Assignment_6/cache_reader.txt [18

]
Overfull \hbox (3.4496pt too wide) in paragraph at lines 58--59
[][][][][][][][][][][][][][][][][][][][][][][][][][][][][][][][][][][][][][][][
][][][][][][][][][][][][][][][][][][][][][][][][][][][][][][][][][][][][][][][]
[][][][][][][][][][][][][][][][][][][][][][][][] 
 []

) [19] 
AED: lastpage setting LastPage
[20

] (./assignment_2.aux) ) 
Here is how much of TeX's memory you used:
 3689 strings out of 494985
 53374 string characters out of 6180355
 161365 words of memory out of 5000000
 6821 multiletter control sequences out of 15000+600000
 10754 words of font info for 37 fonts, out of 8000000 for 9000
 36 hyphenation exceptions out of 8191
 38i,12n,43p,446b,1685s stack positions out of 5000i,500n,10000p,200000b,80000s
{/usr/share/texlive/texmf-dist/fonts/enc/dvips/base/8r.
enc}</usr/share/texlive/texmf-dist/fonts/type1/public/amsfonts/cm/cmbx10.pfb></
usr/share/texlive/texmf-dist/fonts/type1/public/amsfonts/cm/cmbx12.pfb></usr/sh
are/texlive/texmf-dist/fonts/type1/public/amsfonts/cm/cmbx9.pfb></usr/share/tex
live/texmf-dist/fonts/type1/public/amsfonts/cm/cmr10.pfb></usr/share/texlive/te
xmf-dist/fonts/type1/public/amsfonts/cm/cmr5.pfb></usr/share/texlive/texmf-dist
/fonts/type1/public/amsfonts/cm/cmr9.pfb></usr/share/texlive/texmf-dist/fonts/t
ype1/public/amsfonts/cm/cmsy10.pfb></usr/share/texlive/texmf-dist/fonts/type1/p
ublic/amsfonts/cm/cmti10.pfb></usr/share/texlive/texmf-dist/fonts/type1/public/
amsfonts/cm/cmti12.pfb></usr/share/texlive/texmf-dist/fonts/type1/urw/courier/u
crr8a.pfb></usr/share/texlive/texmf-dist/fonts/type1/urw/courier/ucrro8a.pfb>
Output written on assignment_2.pdf (20 pages, 459140 bytes).
PDF statistics:
 129 PDF objects out of 1000 (max. 8388607)
 81 compressed objects within 1 object stream
 0 named destinations out of 1000 (max. 500000)
 46 words of extra memory for PDF output out of 10000 (max. 10000000)

